<?xml version="1.0"?><coverage lines-covered="599" lines-valid="629" line-rate="0.9523052464228935" branches-covered="0" branches-valid="0" branch-rate="0" complexity="0" version="1.9" timestamp="1776076698"><sources><source>/Users/user/Develop/personal/hostaddr</source></sources><packages><package name="src/domain" line-rate="0.9607843137254902" branch-rate="0" complexity="0"><classes><class name="inlined" filename="src/domain/inlined.rs" line-rate="0.9607843137254902" branch-rate="0" complexity="0"><methods/><lines><line number="80" hits="2"/><line number="81" hits="4"/><line number="86" hits="2"/><line number="87" hits="6"/><line number="114" hits="70"/><line number="115" hits="70"/><line number="212" hits="4"/><line number="213" hits="1"/><line number="227" hits="4"/><line number="228" hits="1"/><line number="244" hits="1"/><line number="245" hits="1"/><line number="259" hits="4"/><line number="260" hits="1"/><line number="274" hits="5"/><line number="275" hits="2"/><line number="281" hits="205"/><line number="282" hits="205"/><line number="287" hits="166"/><line number="289" hits="498"/><line number="306" hits="1"/><line number="308" hits="2"/><line number="313" hits="67"/><line number="314" hits="201"/><line number="315" hits="134"/><line number="320" hits="74"/><line number="321" hits="222"/><line number="322" hits="74"/><line number="323" hits="0"/><line number="325" hits="74"/><line number="326" hits="74"/><line number="327" hits="74"/><line number="331" hits="1920"/><line number="332" hits="3840"/><line number="336" hits="65"/><line number="337" hits="195"/><line number="338" hits="130"/><line number="340" hits="130"/><line number="341" hits="195"/><line number="342" hits="65"/><line number="343" hits="65"/><line number="347" hits="40"/><line number="348" hits="80"/><line number="353" hits="1613"/><line number="354" hits="4839"/><line number="355" hits="4839"/><line number="356" hits="1613"/><line number="357" hits="0"/><line number="359" hits="8065"/><line number="360" hits="4839"/><line number="361" hits="1613"/></lines></class></classes></package><package name="src" line-rate="0.9523052464228935" branch-rate="0" complexity="0"><classes><class name="addr" filename="src/addr.rs" line-rate="0.9891891891891892" branch-rate="0" complexity="0"><methods/><lines><line number="21" hits="33"/><line number="22" hits="33"/><line number="39" hits="13"/><line number="40" hits="13"/><line number="61" hits="10"/><line number="62" hits="30"/><line number="63" hits="9"/><line number="64" hits="6"/><line number="65" hits="10"/><line number="80" hits="4"/><line number="81" hits="2"/><line number="95" hits="4"/><line number="96" hits="4"/><line number="110" hits="4"/><line number="111" hits="4"/><line number="126" hits="5"/><line number="127" hits="8"/><line number="142" hits="5"/><line number="143" hits="8"/><line number="158" hits="4"/><line number="159" hits="2"/><line number="174" hits="4"/><line number="175" hits="2"/><line number="190" hits="4"/><line number="191" hits="2"/><line number="206" hits="4"/><line number="207" hits="2"/><line number="222" hits="4"/><line number="223" hits="2"/><line number="238" hits="8"/><line number="239" hits="10"/><line number="254" hits="4"/><line number="255" hits="2"/><line number="270" hits="6"/><line number="271" hits="6"/><line number="288" hits="2"/><line number="289" hits="6"/><line number="290" hits="2"/><line number="292" hits="1"/><line number="296" hits="1"/><line number="317" hits="2"/><line number="318" hits="8"/><line number="319" hits="2"/><line number="321" hits="1"/><line number="325" hits="1"/><line number="347" hits="1"/><line number="365" hits="4"/><line number="367" hits="4"/><line number="386" hits="19"/><line number="388" hits="19"/><line number="407" hits="16"/><line number="409" hits="32"/><line number="410" hits="16"/><line number="428" hits="19"/><line number="429" hits="19"/><line number="446" hits="1"/><line number="447" hits="2"/><line number="465" hits="18"/><line number="466" hits="18"/><line number="486" hits="2"/><line number="487" hits="2"/><line number="488" hits="2"/><line number="510" hits="1"/><line number="511" hits="1"/><line number="512" hits="1"/><line number="531" hits="1"/><line number="532" hits="1"/><line number="533" hits="1"/><line number="552" hits="7"/><line number="553" hits="7"/><line number="554" hits="7"/><line number="578" hits="2"/><line number="579" hits="5"/><line number="580" hits="1"/><line number="582" hits="2"/><line number="600" hits="1"/><line number="601" hits="1"/><line number="602" hits="1"/><line number="622" hits="2"/><line number="623" hits="4"/><line number="643" hits="3"/><line number="644" hits="6"/><line number="645" hits="3"/><line number="663" hits="1"/><line number="664" hits="2"/><line number="665" hits="1"/><line number="681" hits="6"/><line number="682" hits="6"/><line number="699" hits="1"/><line number="700" hits="2"/><line number="717" hits="2"/><line number="718" hits="4"/><line number="735" hits="2"/><line number="736" hits="4"/><line number="764" hits="4"/><line number="768" hits="2"/><line number="769" hits="3"/><line number="770" hits="3"/><line number="771" hits="2"/><line number="772" hits="6"/><line number="773" hits="9"/><line number="806" hits="3"/><line number="807" hits="6"/><line number="808" hits="4"/><line number="809" hits="2"/><line number="829" hits="19"/><line number="831" hits="38"/><line number="832" hits="19"/><line number="851" hits="1"/><line number="856" hits="2"/><line number="857" hits="1"/><line number="877" hits="5"/><line number="878" hits="10"/><line number="880" hits="5"/><line number="899" hits="9"/><line number="900" hits="18"/><line number="919" hits="1"/><line number="920" hits="2"/><line number="940" hits="1"/><line number="945" hits="2"/><line number="946" hits="1"/><line number="965" hits="1"/><line number="970" hits="2"/><line number="971" hits="1"/><line number="1016" hits="11"/><line number="1017" hits="33"/><line number="1018" hits="2"/><line number="1019" hits="0"/><line number="1020" hits="13"/><line number="1021" hits="3"/><line number="1024" hits="21"/><line number="1025" hits="42"/><line number="1026" hits="11"/><line number="1027" hits="5"/><line number="1028" hits="5"/><line number="1031" hits="5"/><line number="1047" hits="1"/><line number="1049" hits="2"/><line number="1050" hits="1"/><line number="1077" hits="8"/><line number="1078" hits="32"/><line number="1079" hits="24"/><line number="1080" hits="2"/><line number="1081" hits="0"/><line number="1083" hits="8"/><line number="1084" hits="1"/><line number="1087" hits="18"/><line number="1089" hits="6"/><line number="1090" hits="6"/><line number="1091" hits="18"/><line number="1092" hits="12"/><line number="1094" hits="9"/><line number="1095" hits="9"/><line number="1096" hits="3"/><line number="1099" hits="4"/><line number="1115" hits="2"/><line number="1117" hits="4"/><line number="1118" hits="2"/><line number="1129" hits="27"/><line number="1130" hits="27"/><line number="1140" hits="6"/><line number="1141" hits="6"/><line number="1151" hits="2"/><line number="1152" hits="6"/><line number="1153" hits="2"/><line number="1154" hits="2"/><line number="1155" hits="2"/><line number="1160" hits="55"/><line number="1161" hits="63"/><line number="1163" hits="11"/><line number="1164" hits="3"/><line number="1165" hits="3"/><line number="1166" hits="4"/><line number="1167" hits="7"/><line number="1171" hits="15"/><line number="1173" hits="15"/><line number="1174" hits="15"/><line number="1176" hits="10"/><line number="1177" hits="18"/><line number="1178" hits="4"/><line number="1179" hits="4"/><line number="1180" hits="5"/><line number="1181" hits="10"/><line number="1183" hits="1"/><line number="1187" hits="47"/></lines></class><class name="arbitrary_impl" filename="src/arbitrary_impl.rs" line-rate="0.8148148148148148" branch-rate="0" complexity="0"><methods/><lines><line number="7" hits="50"/><line number="9" hits="200"/><line number="10" hits="100"/><line number="12" hits="164"/><line number="13" hits="178"/><line number="14" hits="64"/><line number="18" hits="456"/><line number="21" hits="342"/><line number="23" hits="236"/><line number="24" hits="59"/><line number="25" hits="34"/><line number="27" hits="25"/><line number="29" hits="110"/><line number="31" hits="165"/><line number="33" hits="0"/><line number="36" hits="342"/><line number="39" hits="114"/><line number="40" hits="13880"/><line number="41" hits="3372"/><line number="42" hits="2733"/><line number="43" hits="51"/><line number="44" hits="348"/><line number="46" hits="1070"/><line number="47" hits="1070"/><line number="49" hits="0"/><line number="53" hits="10410"/><line number="57" hits="158"/><line number="58" hits="44"/><line number="63" hits="100"/><line number="68" hits="224"/><line number="70" hits="0"/><line number="74" hits="121"/><line number="75" hits="21"/><line number="78" hits="150"/><line number="85" hits="50"/><line number="86" hits="200"/><line number="91" hits="20"/><line number="92" hits="40"/><line number="93" hits="20"/><line number="95" hits="20"/><line number="101" hits="10"/><line number="103" hits="20"/><line number="104" hits="20"/><line number="113" hits="60"/><line number="114" hits="30"/><line number="115" hits="30"/><line number="116" hits="0"/><line number="117" hits="30"/><line number="118" hits="0"/><line number="119" hits="0"/><line number="120" hits="0"/><line number="121" hits="0"/><line number="126" hits="0"/><line number="131" hits="0"/></lines></class><class name="domain" filename="src/domain.rs" line-rate="0.9152542372881356" branch-rate="0" complexity="0"><methods/><lines><line number="24" hits="1"/><line number="25" hits="1"/><line number="38" hits="4"/><line number="39" hits="4"/><line number="89" hits="1"/><line number="93" hits="1"/><line number="98" hits="0"/><line number="102" hits="0"/><line number="114" hits="1"/><line number="118" hits="1"/><line number="127" hits="1"/><line number="130" hits="1"/><line number="135" hits="23"/><line number="136" hits="23"/><line number="141" hits="26"/><line number="145" hits="26"/><line number="150" hits="29"/><line number="151" hits="29"/><line number="156" hits="2"/><line number="160" hits="2"/><line number="196" hits="3"/><line number="200" hits="9"/><line number="201" hits="9"/><line number="202" hits="1"/><line number="204" hits="6"/><line number="207" hits="2"/><line number="210" hits="2"/><line number="236" hits="3"/><line number="240" hits="9"/><line number="255" hits="1"/><line number="256" hits="1"/><line number="273" hits="0"/><line number="274" hits="0"/><line number="292" hits="0"/><line number="293" hits="0"/><line number="313" hits="1"/><line number="317" hits="1"/><line number="335" hits="1"/><line number="339" hits="1"/><line number="346" hits="37"/><line number="366" hits="37"/><line number="392" hits="28"/><line number="393" hits="28"/><line number="394" hits="4"/><line number="397" hits="48"/><line number="398" hits="21"/><line number="399" hits="3"/><line number="414" hits="1"/><line number="415" hits="2"/><line number="441" hits="19"/><line number="442" hits="19"/><line number="443" hits="4"/><line number="446" hits="15"/><line number="447" hits="14"/><line number="448" hits="1"/><line number="463" hits="1"/><line number="465" hits="2"/><line number="475" hits="1"/><line number="476" hits="1"/><line number="481" hits="1"/><line number="482" hits="1"/><line number="497" hits="4"/><line number="498" hits="1"/><line number="509" hits="4"/><line number="510" hits="1"/><line number="521" hits="4"/><line number="522" hits="1"/><line number="533" hits="4"/><line number="534" hits="1"/><line number="542" hits="0"/><line number="543" hits="0"/><line number="548" hits="0"/><line number="549" hits="0"/><line number="582" hits="803"/><line number="583" hits="2833"/><line number="584" hits="754"/><line number="585" hits="94"/><line number="592" hits="757"/><line number="593" hits="1514"/><line number="614" hits="736"/><line number="615" hits="2569"/><line number="616" hits="632"/><line number="617" hits="90"/><line number="647" hits="4049"/><line number="648" hits="4049"/><line number="649" hits="4049"/><line number="650" hits="0"/><line number="657" hits="1"/><line number="658" hits="1"/><line number="659" hits="1"/><line number="660" hits="0"/><line number="1069" hits="7"/><line number="1082" hits="34"/><line number="1083" hits="34"/><line number="1084" hits="98"/><line number="1085" hits="32"/><line number="1087" hits="34"/><line number="1091" hits="2"/><line number="1092" hits="4"/><line number="1093" hits="6"/><line number="1094" hits="2"/><line number="1096" hits="2"/><line number="1097" hits="2"/><line number="1099" hits="2"/><line number="1100" hits="2"/><line number="1102" hits="2"/><line number="1103" hits="2"/><line number="1104" hits="0"/><line number="1122" hits="14"/><line number="1124" hits="14"/><line number="1125" hits="3"/><line number="1126" hits="2"/><line number="1127" hits="14"/><line number="1128" hits="52"/><line number="1131" hits="3"/><line number="1132" hits="2"/><line number="1133" hits="0"/><line number="1136" hits="2"/><line number="1137" hits="3"/><line number="1138" hits="1"/><line number="1139" hits="1"/><line number="1142" hits="12"/><line number="1143" hits="18"/><line number="1146" hits="2"/><line number="1147" hits="3"/><line number="1148" hits="1"/><line number="1149" hits="1"/><line number="1197" hits="8"/><line number="1201" hits="10"/><line number="1202" hits="3"/><line number="1203" hits="2"/><line number="1204" hits="12"/><line number="1205" hits="11"/><line number="1206" hits="22"/><line number="1207" hits="11"/><line number="1210" hits="3"/><line number="1211" hits="2"/><line number="1212" hits="3"/><line number="1215" hits="0"/><line number="1218" hits="8"/><line number="1219" hits="10"/><line number="1222" hits="1"/><line number="1248" hits="5614"/><line number="1260" hits="11228"/><line number="1268" hits="16842"/><line number="1269" hits="5614"/><line number="1270" hits="33"/><line number="1273" hits="5581"/><line number="1274" hits="39"/><line number="1275" hits="35"/><line number="1276" hits="33"/><line number="1279" hits="4"/><line number="1283" hits="5641"/><line number="1284" hits="33"/><line number="1287" hits="11022"/><line number="1288" hits="279592"/><line number="1289" hits="549076"/><line number="1290" hits="549076"/><line number="1292" hits="224"/><line number="1294" hits="6922"/><line number="1295" hits="512"/><line number="1296" hits="9957"/><line number="1297" hits="96"/><line number="1299" hits="256749"/><line number="1300" hits="16898"/><line number="1301" hits="8610"/><line number="1302" hits="8610"/><line number="1304" hits="23848"/><line number="1306" hits="235676"/><line number="1307" hits="1157"/><line number="1308" hits="235676"/><line number="1309" hits="137"/><line number="1311" hits="274081"/><line number="1314" hits="4798"/><line number="1315" hits="5054"/><line number="1318" hits="256"/><line number="1321" hits="4798"/></lines></class><class name="host" filename="src/host.rs" line-rate="0.9859154929577465" branch-rate="0" complexity="0"><methods/><lines><line number="64" hits="15"/><line number="65" hits="17"/><line number="66" hits="2"/><line number="69" hits="26"/><line number="70" hits="22"/><line number="71" hits="17"/><line number="88" hits="3"/><line number="89" hits="3"/><line number="90" hits="2"/><line number="91" hits="4"/><line number="118" hits="12"/><line number="119" hits="48"/><line number="120" hits="15"/><line number="121" hits="3"/><line number="124" hits="18"/><line number="125" hits="16"/><line number="126" hits="11"/><line number="143" hits="4"/><line number="144" hits="4"/><line number="145" hits="4"/><line number="146" hits="4"/><line number="147" hits="4"/><line number="148" hits="0"/><line number="164" hits="4"/><line number="165" hits="1"/><line number="180" hits="6"/><line number="181" hits="6"/><line number="196" hits="4"/><line number="197" hits="2"/><line number="212" hits="4"/><line number="213" hits="2"/><line number="220" hits="5"/><line number="221" hits="5"/><line number="238" hits="4"/><line number="239" hits="4"/><line number="256" hits="13"/><line number="257" hits="16"/><line number="276" hits="24"/><line number="277" hits="24"/><line number="278" hits="26"/><line number="279" hits="22"/><line number="301" hits="3"/><line number="305" hits="3"/><line number="306" hits="4"/><line number="307" hits="2"/><line number="329" hits="3"/><line number="330" hits="3"/><line number="331" hits="4"/><line number="332" hits="1"/><line number="353" hits="4"/><line number="354" hits="4"/><line number="355" hits="6"/><line number="356" hits="1"/><line number="381" hits="3"/><line number="385" hits="3"/><line number="386" hits="4"/><line number="387" hits="2"/><line number="410" hits="3"/><line number="414" hits="3"/><line number="415" hits="4"/><line number="416" hits="2"/><line number="428" hits="39"/><line number="429" hits="2"/><line number="439" hits="39"/><line number="440" hits="39"/><line number="450" hits="12"/><line number="451" hits="12"/><line number="463" hits="2"/><line number="464" hits="2"/><line number="476" hits="2"/><line number="477" hits="2"/></lines></class><class name="quickcheck_impl" filename="src/quickcheck_impl.rs" line-rate="1" branch-rate="0" complexity="0"><methods/><lines><line number="7" hits="3999"/><line number="8" hits="7998"/><line number="10" hits="7998"/><line number="11" hits="11691"/><line number="12" hits="11385"/><line number="13" hits="3693"/><line number="16" hits="15384"/><line number="17" hits="247729"/><line number="18" hits="449306"/><line number="19" hits="224653"/><line number="20" hits="321283"/><line number="21" hits="210324"/><line number="22" hits="77720"/><line number="23" hits="3099"/><line number="24" hits="10625"/><line number="27" hits="15384"/><line number="31" hits="15384"/><line number="32" hits="8062"/><line number="33" hits="1110"/><line number="35" hits="8021"/><line number="36" hits="1316"/><line number="39" hits="23076"/><line number="43" hits="7998"/><line number="48" hits="13313"/><line number="50" hits="39"/><line number="54" hits="9961"/><line number="55" hits="1963"/><line number="58" hits="11997"/><line number="65" hits="3999"/><line number="66" hits="3999"/><line number="71" hits="4000"/><line number="72" hits="8000"/><line number="73" hits="1999"/><line number="75" hits="2001"/><line number="81" hits="2000"/><line number="82" hits="2000"/><line number="83" hits="6000"/><line number="84" hits="2000"/><line number="93" hits="1185"/><line number="94" hits="1170"/><line number="95" hits="1242"/><line number="96" hits="1176"/><line number="97" hits="1251"/><line number="98" hits="1624"/><line number="99" hits="1628"/><line number="100" hits="1612"/><line number="105" hits="1191"/><line number="110" hits="1512"/></lines></class><class name="test" filename="src/test.rs" line-rate="1" branch-rate="0" complexity="0"><methods/><lines><line number="103" hits="16"/><line number="107" hits="1584"/><line number="109" hits="784"/><line number="110" hits="2352"/><line number="111" hits="2352"/><line number="115" hits="16"/><line number="119" hits="1584"/><line number="121" hits="784"/><line number="122" hits="2352"/><line number="123" hits="2352"/><line number="132" hits="15"/><line number="133" hits="15"/><line number="137" hits="15"/><line number="138" hits="15"/><line number="210" hits="1000"/><line number="211" hits="4000"/><line number="212" hits="5000"/><line number="213" hits="1000"/><line number="218" hits="1000"/><line number="219" hits="4000"/><line number="220" hits="5000"/><line number="221" hits="1000"/><line number="226" hits="1000"/><line number="227" hits="4000"/><line number="228" hits="5000"/><line number="229" hits="1000"/><line number="234" hits="1000"/><line number="235" hits="4000"/><line number="236" hits="5000"/><line number="237" hits="1000"/><line number="242" hits="1000"/><line number="243" hits="4000"/><line number="244" hits="5000"/><line number="245" hits="1000"/><line number="250" hits="1000"/><line number="251" hits="4000"/><line number="252" hits="5000"/><line number="253" hits="1000"/><line number="273" hits="6"/><line number="274" hits="12"/><line number="275" hits="73740"/><line number="276" hits="24576"/><line number="278" hits="6"/></lines></class></classes></package></packages></coverage>